<?xml version="1.0" encoding="UTF-8"?>
<!-- Generated by org.testng.reporters.JUnitReportReporter -->
<testsuite skipped="0" hostname="sachin4597-01" name="com.nag.nagp.testcases.Test_WunderList_List_API2" tests="1" failures="0" timestamp="2019-09-29T09:43:54 IST" time="3.388" errors="0">
  <testcase name="tc_NAG_NAGP_1_AddList" time="3.388" classname="com.nag.nagp.testcases.Test_WunderList_List_API2"/>
</testsuite> <!-- com.nag.nagp.testcases.Test_WunderList_List_API2 -->
