<?xml version="1.0" encoding="UTF-8"?>
<!-- Generated by org.testng.reporters.JUnitReportReporter -->
<testsuite skipped="0" hostname="sachin4597-01" name="com.nag.nagp.wunderList.testcases.Test_WunderList_Task_API" tests="6" failures="0" timestamp="2019-10-01T22:29:14 IST" time="18.694" errors="0">
  <testcase name="tc_NAG_NAGP_5_AddTask" time="2.117" classname="com.nag.nagp.wunderList.testcases.Test_WunderList_Task_API"/>
  <testcase name="tc_NAG_NAGP_7_AddDeleteTask" time="2.990" classname="com.nag.nagp.wunderList.testcases.Test_WunderList_Task_API"/>
  <testcase name="tc_NAG_NAGP_8_AddUpdateDeleteTask" time="4.139" classname="com.nag.nagp.wunderList.testcases.Test_WunderList_Task_API"/>
  <testcase name="tc_NAG_NAGP_5_AddTask" time="4.404" classname="com.nag.nagp.wunderList.testcases.Test_WunderList_Task_API"/>
  <testcase name="tc_NAG_NAGP_7_AddDeleteTask" time="3.019" classname="com.nag.nagp.wunderList.testcases.Test_WunderList_Task_API"/>
  <testcase name="tc_NAG_NAGP_6_AddUpdateTask" time="2.025" classname="com.nag.nagp.wunderList.testcases.Test_WunderList_Task_API"/>
</testsuite> <!-- com.nag.nagp.wunderList.testcases.Test_WunderList_Task_API -->
