<?xml version="1.0" encoding="UTF-8"?>
<!-- Generated by org.testng.reporters.JUnitReportReporter -->
<testsuite skipped="0" hostname="sachin4597-01" name="com.nag.nagp.testcases.Test" tests="1" failures="0" timestamp="07 Sep 2019 06:49:41 GMT" time="0.010" errors="0">
  <testcase name="Test_Validate_ClickSignIn" time="0.010" classname="com.nag.nagp.testcases.Test"/>
</testsuite> <!-- com.nag.nagp.testcases.Test -->
