<?xml version="1.0" encoding="UTF-8"?>
<!-- Generated by org.testng.reporters.JUnitReportReporter -->
<testsuite skipped="0" hostname="sachin4597-01" name="com.nag.wunderList.testcases.Test_WunderList_List_API" tests="4" failures="0" timestamp="2019-10-02T20:19:36 IST" time="16.186" errors="0">
  <testcase name="tc_NAG_NAGP_3_AddDeleteList" time="3.727" classname="com.nag.wunderList.testcases.Test_WunderList_List_API"/>
  <testcase name="tc_NAG_NAGP_2_AddUpdateList" time="4.243" classname="com.nag.wunderList.testcases.Test_WunderList_List_API"/>
  <testcase name="tc_NAG_NAGP_1_AddList" time="3.138" classname="com.nag.wunderList.testcases.Test_WunderList_List_API"/>
  <testcase name="tc_NAG_NAGP_4_AddUpdateDeleteList" time="5.078" classname="com.nag.wunderList.testcases.Test_WunderList_List_API"/>
</testsuite> <!-- com.nag.wunderList.testcases.Test_WunderList_List_API -->
