<?xml version="1.0" encoding="UTF-8"?>
<!-- Generated by org.testng.reporters.JUnitReportReporter -->
<testsuite skipped="0" hostname="sachin4597-01" name="com.nag.nagp.wunderList.testcases.Test_WunderList_Notes_API" tests="2" failures="0" timestamp="2019-10-01T22:29:14 IST" time="12.759" errors="0">
  <testcase name="tc_NAG_NAGP_14_AddGetUpdateDeleteGetNotes" time="7.187" classname="com.nag.nagp.wunderList.testcases.Test_WunderList_Notes_API"/>
  <testcase name="tc_NAG_NAGP_14_AddGetUpdateDeleteGetNotes" time="5.572" classname="com.nag.nagp.wunderList.testcases.Test_WunderList_Notes_API"/>
</testsuite> <!-- com.nag.nagp.wunderList.testcases.Test_WunderList_Notes_API -->
