<?xml version="1.0" encoding="UTF-8"?>
<!-- Generated by org.testng.reporters.JUnitReportReporter -->
<testsuite skipped="0" hostname="sachin4597-01" name="com.nag.nagp.testcases.Test_WunderList_List_API" tests="4" failures="0" timestamp="2019-09-30T12:28:29 IST" time="20.974" errors="0">
  <testcase name="tc_NAG_NAGP_1_AddList" time="3.101" classname="com.nag.nagp.testcases.Test_WunderList_List_API"/>
  <testcase name="tc_NAG_NAGP_2_AddUpdateList" time="5.372" classname="com.nag.nagp.testcases.Test_WunderList_List_API"/>
  <testcase name="tc_NAG_NAGP_3_AddDeleteList" time="7.222" classname="com.nag.nagp.testcases.Test_WunderList_List_API"/>
  <testcase name="tc_NAG_NAGP_4_AddUpdateDeleteList" time="5.279" classname="com.nag.nagp.testcases.Test_WunderList_List_API"/>
</testsuite> <!-- com.nag.nagp.testcases.Test_WunderList_List_API -->
