<?xml version="1.0" encoding="UTF-8"?>
<!-- Generated by org.testng.reporters.JUnitReportReporter -->
<testsuite skipped="0" hostname="sachin4597-01" name="com.nag.nagp.testcases.Test_AmazonApp" tests="5" failures="0" timestamp="07 Sep 2019 15:29:50 GMT" time="30.865" errors="0">
  <testcase name="Test_Validate_Click_AmazonLogo" time="9.396" classname="com.nag.nagp.testcases.Test_AmazonApp"/>
  <testcase name="Test_Validate_HomePage" time="3.719" classname="com.nag.nagp.testcases.Test_AmazonApp"/>
  <testcase name="Test_Validate_AmazonSearch" time="9.476" classname="com.nag.nagp.testcases.Test_AmazonApp"/>
  <testcase name="Test_Validate_ClickSignIn" time="3.527" classname="com.nag.nagp.testcases.Test_AmazonApp"/>
  <testcase name="Test_Validate_AmazonSignUp" time="4.747" classname="com.nag.nagp.testcases.Test_AmazonApp"/>
</testsuite> <!-- com.nag.nagp.testcases.Test_AmazonApp -->
