<?xml version="1.0" encoding="UTF-8"?>
<!-- Generated by org.testng.reporters.JUnitReportReporter -->
<testsuite skipped="0" hostname="sachin4597-01" name="com.nag.nagp.testcases.Test_WunderList_Task_API" tests="4" failures="0" timestamp="2019-09-30T12:28:29 IST" time="29.482" errors="0">
  <testcase name="tc_NAG_NAGP_8_AddUpdateDeleteTask" time="8.342" classname="com.nag.nagp.testcases.Test_WunderList_Task_API"/>
  <testcase name="tc_NAG_NAGP_5_AddTask" time="4.863" classname="com.nag.nagp.testcases.Test_WunderList_Task_API"/>
  <testcase name="tc_NAG_NAGP_7_AddDeleteTask" time="6.897" classname="com.nag.nagp.testcases.Test_WunderList_Task_API"/>
  <testcase name="tc_NAG_NAGP_6_AddUpdateTask" time="9.380" classname="com.nag.nagp.testcases.Test_WunderList_Task_API"/>
</testsuite> <!-- com.nag.nagp.testcases.Test_WunderList_Task_API -->
