<?xml version="1.0" encoding="UTF-8"?>
<!-- Generated by org.testng.reporters.JUnitReportReporter -->
<testsuite skipped="0" hostname="sachin4597-01" name="com.nag.wunderList.testcases.Test_WunderList_Task_API" tests="6" failures="0" timestamp="2019-10-02T20:19:36 IST" time="22.548" errors="0">
  <testcase name="tc_NAG_NAGP_6_AddUpdateTask" time="2.667" classname="com.nag.wunderList.testcases.Test_WunderList_Task_API"/>
  <testcase name="tc_NAG_NAGP_5_AddTask" time="3.062" classname="com.nag.wunderList.testcases.Test_WunderList_Task_API"/>
  <testcase name="tc_NAG_NAGP_7_AddDeleteTask" time="3.390" classname="com.nag.wunderList.testcases.Test_WunderList_Task_API"/>
  <testcase name="tc_NAG_NAGP_5_AddTask" time="4.966" classname="com.nag.wunderList.testcases.Test_WunderList_Task_API"/>
  <testcase name="tc_NAG_NAGP_8_AddUpdateDeleteTask" time="5.189" classname="com.nag.wunderList.testcases.Test_WunderList_Task_API"/>
  <testcase name="tc_NAG_NAGP_7_AddDeleteTask" time="3.274" classname="com.nag.wunderList.testcases.Test_WunderList_Task_API"/>
</testsuite> <!-- com.nag.wunderList.testcases.Test_WunderList_Task_API -->
