<?xml version="1.0" encoding="UTF-8"?>
<!-- Generated by org.testng.reporters.JUnitReportReporter -->
<testsuite skipped="0" hostname="sachin4597-01" name="com.nag.nagp.testcases.Test_WunderList_SubTask_API" tests="4" failures="0" timestamp="2019-09-30T12:28:29 IST" time="19.087" errors="0">
  <testcase name="tc_NAG_NAGP_12_AddUpdateDeleteSubTask" time="6.725" classname="com.nag.nagp.testcases.Test_WunderList_SubTask_API"/>
  <testcase name="tc_NAG_NAGP_10_AddUpdateSubTask" time="2.632" classname="com.nag.nagp.testcases.Test_WunderList_SubTask_API"/>
  <testcase name="tc_NAG_NAGP_9_AddSubTask" time="5.776" classname="com.nag.nagp.testcases.Test_WunderList_SubTask_API"/>
  <testcase name="tc_NAG_NAGP_11_AddDeleteSubTask" time="3.954" classname="com.nag.nagp.testcases.Test_WunderList_SubTask_API"/>
</testsuite> <!-- com.nag.nagp.testcases.Test_WunderList_SubTask_API -->
