<?xml version="1.0" encoding="UTF-8"?>
<!-- Generated by org.testng.reporters.JUnitReportReporter -->
<testsuite skipped="0" hostname="sachin4597-01" name="com.nag.wunderList.testcases.Test_WunderList_SubTask_API" tests="8" failures="0" timestamp="2019-10-02T20:19:36 IST" time="31.370" errors="0">
  <testcase name="tc_NAG_NAGP_10_AddUpdateSubTask" time="2.364" classname="com.nag.wunderList.testcases.Test_WunderList_SubTask_API"/>
  <testcase name="tc_NAG_NAGP_11_AddDeleteSubTask" time="3.797" classname="com.nag.wunderList.testcases.Test_WunderList_SubTask_API"/>
  <testcase name="tc_NAG_NAGP_12_AddUpdateDeleteSubTask" time="6.661" classname="com.nag.wunderList.testcases.Test_WunderList_SubTask_API"/>
  <testcase name="tc_NAG_NAGP_10_AddUpdateSubTask" time="2.450" classname="com.nag.wunderList.testcases.Test_WunderList_SubTask_API"/>
  <testcase name="tc_NAG_NAGP_12_AddUpdateDeleteSubTask" time="5.979" classname="com.nag.wunderList.testcases.Test_WunderList_SubTask_API"/>
  <testcase name="tc_NAG_NAGP_9_AddSubTask" time="3.066" classname="com.nag.wunderList.testcases.Test_WunderList_SubTask_API"/>
  <testcase name="tc_NAG_NAGP_9_AddSubTask" time="2.786" classname="com.nag.wunderList.testcases.Test_WunderList_SubTask_API"/>
  <testcase name="tc_NAG_NAGP_11_AddDeleteSubTask" time="4.267" classname="com.nag.wunderList.testcases.Test_WunderList_SubTask_API"/>
</testsuite> <!-- com.nag.wunderList.testcases.Test_WunderList_SubTask_API -->
