<?xml version="1.0" encoding="UTF-8"?>
<!-- Generated by org.testng.reporters.JUnitReportReporter -->
<testsuite skipped="0" hostname="sachin4597-01" name="com.nag.wunderList.testcases.Test_WunderList_Notes_API" tests="2" failures="0" timestamp="2019-10-02T20:19:36 IST" time="13.128" errors="0">
  <testcase name="tc_NAG_NAGP_14_AddGetUpdateDeleteGetNotes" time="5.447" classname="com.nag.wunderList.testcases.Test_WunderList_Notes_API"/>
  <testcase name="tc_NAG_NAGP_14_AddGetUpdateDeleteGetNotes" time="7.681" classname="com.nag.wunderList.testcases.Test_WunderList_Notes_API"/>
</testsuite> <!-- com.nag.wunderList.testcases.Test_WunderList_Notes_API -->
