<?xml version="1.0" encoding="UTF-8"?>
<!-- Generated by org.testng.reporters.JUnitReportReporter -->
<testsuite skipped="0" hostname="sachin4597-01" name="com.nag.nagp.wunderList.testcases.Test_WunderList_SubTask_API" tests="8" failures="0" timestamp="2019-10-01T22:29:14 IST" time="22.316" errors="0">
  <testcase name="tc_NAG_NAGP_11_AddDeleteSubTask" time="2.990" classname="com.nag.nagp.wunderList.testcases.Test_WunderList_SubTask_API"/>
  <testcase name="tc_NAG_NAGP_9_AddSubTask" time="1.925" classname="com.nag.nagp.wunderList.testcases.Test_WunderList_SubTask_API"/>
  <testcase name="tc_NAG_NAGP_10_AddUpdateSubTask" time="2.408" classname="com.nag.nagp.wunderList.testcases.Test_WunderList_SubTask_API"/>
  <testcase name="tc_NAG_NAGP_10_AddUpdateSubTask" time="2.085" classname="com.nag.nagp.wunderList.testcases.Test_WunderList_SubTask_API"/>
  <testcase name="tc_NAG_NAGP_11_AddDeleteSubTask" time="2.962" classname="com.nag.nagp.wunderList.testcases.Test_WunderList_SubTask_API"/>
  <testcase name="tc_NAG_NAGP_12_AddUpdateDeleteSubTask" time="3.904" classname="com.nag.nagp.wunderList.testcases.Test_WunderList_SubTask_API"/>
  <testcase name="tc_NAG_NAGP_9_AddSubTask" time="1.893" classname="com.nag.nagp.wunderList.testcases.Test_WunderList_SubTask_API"/>
  <testcase name="tc_NAG_NAGP_12_AddUpdateDeleteSubTask" time="4.149" classname="com.nag.nagp.wunderList.testcases.Test_WunderList_SubTask_API"/>
</testsuite> <!-- com.nag.nagp.wunderList.testcases.Test_WunderList_SubTask_API -->
