<?xml version="1.0" encoding="UTF-8"?>
<!-- Generated by org.testng.reporters.JUnitReportReporter -->
<testsuite skipped="0" hostname="sachin4597-01" name="com.nag.wunderList.testcases.Test_WunderList_TaskComment_API" tests="2" failures="0" timestamp="2019-10-02T20:19:36 IST" time="16.216" errors="0">
  <testcase name="tc_NAG_NAGP_13_AddComments" time="2.350" classname="com.nag.wunderList.testcases.Test_WunderList_TaskComment_API"/>
  <testcase name="tc_NAG_NAGP_13_AddComments" time="13.866" classname="com.nag.wunderList.testcases.Test_WunderList_TaskComment_API"/>
</testsuite> <!-- com.nag.wunderList.testcases.Test_WunderList_TaskComment_API -->
