<?xml version="1.0" encoding="UTF-8"?>
<!-- Generated by org.testng.reporters.JUnitReportReporter -->
<testsuite skipped="0" hostname="sachin4597-01" name="com.nag.nagp.testcases.Test_WunderList_TaskComment_API" tests="2" failures="0" timestamp="2019-09-30T16:07:25 IST" time="7.297" errors="0">
  <testcase name="tc_NAG_NAGP_13_AddComments" time="2.557" classname="com.nag.nagp.testcases.Test_WunderList_TaskComment_API"/>
  <testcase name="tc_NAG_NAGP_13_AddComments" time="4.740" classname="com.nag.nagp.testcases.Test_WunderList_TaskComment_API"/>
</testsuite> <!-- com.nag.nagp.testcases.Test_WunderList_TaskComment_API -->
