<?xml version="1.0" encoding="UTF-8"?>
<!-- Generated by org.testng.reporters.JUnitReportReporter -->
<testsuite skipped="0" hostname="sachin4597-01" name="com.nag.nagp.wunderList.testcases.Test_WunderList_SubTask_API" tests="8" failures="0" timestamp="01 Oct 2019 17:27:47 GMT" time="23.164" errors="0">
  <testcase name="tc_NAG_NAGP_10_AddUpdateSubTask" time="1.937" classname="com.nag.nagp.wunderList.testcases.Test_WunderList_SubTask_API"/>
  <testcase name="tc_NAG_NAGP_12_AddUpdateDeleteSubTask" time="4.170" classname="com.nag.nagp.wunderList.testcases.Test_WunderList_SubTask_API"/>
  <testcase name="tc_NAG_NAGP_9_AddSubTask" time="2.043" classname="com.nag.nagp.wunderList.testcases.Test_WunderList_SubTask_API"/>
  <testcase name="tc_NAG_NAGP_12_AddUpdateDeleteSubTask" time="4.327" classname="com.nag.nagp.wunderList.testcases.Test_WunderList_SubTask_API"/>
  <testcase name="tc_NAG_NAGP_11_AddDeleteSubTask" time="3.377" classname="com.nag.nagp.wunderList.testcases.Test_WunderList_SubTask_API"/>
  <testcase name="tc_NAG_NAGP_11_AddDeleteSubTask" time="3.331" classname="com.nag.nagp.wunderList.testcases.Test_WunderList_SubTask_API"/>
  <testcase name="tc_NAG_NAGP_9_AddSubTask" time="1.967" classname="com.nag.nagp.wunderList.testcases.Test_WunderList_SubTask_API"/>
  <testcase name="tc_NAG_NAGP_10_AddUpdateSubTask" time="2.012" classname="com.nag.nagp.wunderList.testcases.Test_WunderList_SubTask_API"/>
</testsuite> <!-- com.nag.nagp.wunderList.testcases.Test_WunderList_SubTask_API -->
