<?xml version="1.0" encoding="UTF-8"?>
<!-- Generated by org.testng.reporters.JUnitReportReporter -->
<testsuite skipped="0" hostname="sachin4597-01" name="com.nag.nagp.wunderList.testcases.Test_WunderList_Notes_API" tests="2" failures="0" timestamp="01 Oct 2019 17:27:48 GMT" time="34.369" errors="0">
  <testcase name="tc_NAG_NAGP_14_AddGetUpdateDeleteGetNotes" time="19.634" classname="com.nag.nagp.wunderList.testcases.Test_WunderList_Notes_API"/>
  <testcase name="tc_NAG_NAGP_14_AddGetUpdateDeleteGetNotes" time="14.735" classname="com.nag.nagp.wunderList.testcases.Test_WunderList_Notes_API"/>
</testsuite> <!-- com.nag.nagp.wunderList.testcases.Test_WunderList_Notes_API -->
