<?xml version="1.0" encoding="UTF-8"?>
<!-- Generated by org.testng.reporters.JUnitReportReporter -->
<testsuite skipped="0" hostname="sachin4597-01" name="com.nag.nagp.wunderList.testcases.Test_WunderList_TaskComment_API" tests="2" failures="0" timestamp="01 Oct 2019 17:27:48 GMT" time="8.821" errors="0">
  <testcase name="tc_NAG_NAGP_13_AddComments" time="6.804" classname="com.nag.nagp.wunderList.testcases.Test_WunderList_TaskComment_API"/>
  <testcase name="tc_NAG_NAGP_13_AddComments" time="2.017" classname="com.nag.nagp.wunderList.testcases.Test_WunderList_TaskComment_API"/>
</testsuite> <!-- com.nag.nagp.wunderList.testcases.Test_WunderList_TaskComment_API -->
