<?xml version="1.0" encoding="UTF-8"?>
<!-- Generated by org.testng.reporters.JUnitReportReporter -->
<testsuite skipped="0" hostname="sachin4597-01" name="com.nag.nagp.wunderList.testcases.Test_WunderList_List_API" tests="4" failures="0" timestamp="01 Oct 2019 17:27:47 GMT" time="12.430" errors="0">
  <testcase name="tc_NAG_NAGP_3_AddDeleteList" time="2.944" classname="com.nag.nagp.wunderList.testcases.Test_WunderList_List_API"/>
  <testcase name="tc_NAG_NAGP_2_AddUpdateList" time="3.038" classname="com.nag.nagp.wunderList.testcases.Test_WunderList_List_API"/>
  <testcase name="tc_NAG_NAGP_1_AddList" time="2.285" classname="com.nag.nagp.wunderList.testcases.Test_WunderList_List_API"/>
  <testcase name="tc_NAG_NAGP_4_AddUpdateDeleteList" time="4.163" classname="com.nag.nagp.wunderList.testcases.Test_WunderList_List_API"/>
</testsuite> <!-- com.nag.nagp.wunderList.testcases.Test_WunderList_List_API -->
