<?xml version="1.0" encoding="UTF-8"?>
<!-- Generated by org.testng.reporters.JUnitReportReporter -->
<testsuite skipped="0" hostname="sachin4597-01" name="com.nag.nagp.wunderList.testcases.Test_WunderList_Task_API" tests="6" failures="0" timestamp="01 Oct 2019 17:27:48 GMT" time="18.089" errors="0">
  <testcase name="tc_NAG_NAGP_6_AddUpdateTask" time="2.552" classname="com.nag.nagp.wunderList.testcases.Test_WunderList_Task_API"/>
  <testcase name="tc_NAG_NAGP_8_AddUpdateDeleteTask" time="4.184" classname="com.nag.nagp.wunderList.testcases.Test_WunderList_Task_API"/>
  <testcase name="tc_NAG_NAGP_7_AddDeleteTask" time="2.975" classname="com.nag.nagp.wunderList.testcases.Test_WunderList_Task_API"/>
  <testcase name="tc_NAG_NAGP_7_AddDeleteTask" time="3.056" classname="com.nag.nagp.wunderList.testcases.Test_WunderList_Task_API"/>
  <testcase name="tc_NAG_NAGP_5_AddTask" time="1.982" classname="com.nag.nagp.wunderList.testcases.Test_WunderList_Task_API"/>
  <testcase name="tc_NAG_NAGP_5_AddTask" time="3.340" classname="com.nag.nagp.wunderList.testcases.Test_WunderList_Task_API"/>
</testsuite> <!-- com.nag.nagp.wunderList.testcases.Test_WunderList_Task_API -->
